Determining if the pthread_create exist failed with the following output:
<<<<<<< HEAD
Change Dir: /ros_ws/rb5_flight/build/CMakeFiles/CMakeTmp

Run Build Command:"/usr/bin/make" "cmTC_2f540/fast"
/usr/bin/make -f CMakeFiles/cmTC_2f540.dir/build.make CMakeFiles/cmTC_2f540.dir/build
make[1]: Entering directory '/ros_ws/rb5_flight/build/CMakeFiles/CMakeTmp'
Building C object CMakeFiles/cmTC_2f540.dir/CheckSymbolExists.c.o
/usr/bin/cc    -o CMakeFiles/cmTC_2f540.dir/CheckSymbolExists.c.o   -c /ros_ws/rb5_flight/build/CMakeFiles/CMakeTmp/CheckSymbolExists.c
Linking C executable cmTC_2f540
/usr/bin/cmake -E cmake_link_script CMakeFiles/cmTC_2f540.dir/link.txt --verbose=1
/usr/bin/cc      -rdynamic CMakeFiles/cmTC_2f540.dir/CheckSymbolExists.c.o  -o cmTC_2f540 
CMakeFiles/cmTC_2f540.dir/CheckSymbolExists.c.o: In function `main':
CheckSymbolExists.c:(.text+0x1b): undefined reference to `pthread_create'
collect2: error: ld returned 1 exit status
CMakeFiles/cmTC_2f540.dir/build.make:97: recipe for target 'cmTC_2f540' failed
make[1]: *** [cmTC_2f540] Error 1
make[1]: Leaving directory '/ros_ws/rb5_flight/build/CMakeFiles/CMakeTmp'
Makefile:126: recipe for target 'cmTC_2f540/fast' failed
make: *** [cmTC_2f540/fast] Error 2

File /ros_ws/rb5_flight/build/CMakeFiles/CMakeTmp/CheckSymbolExists.c:
=======
Change Dir: /ros_ws/rb5-flight-summer-dev_ws/rb5_flight/build/CMakeFiles/CMakeTmp

Run Build Command:"/usr/bin/make" "cmTC_53fba/fast"
/usr/bin/make -f CMakeFiles/cmTC_53fba.dir/build.make CMakeFiles/cmTC_53fba.dir/build
make[1]: Entering directory '/ros_ws/rb5-flight-summer-dev_ws/rb5_flight/build/CMakeFiles/CMakeTmp'
Building C object CMakeFiles/cmTC_53fba.dir/CheckSymbolExists.c.o
/usr/bin/cc    -o CMakeFiles/cmTC_53fba.dir/CheckSymbolExists.c.o   -c /ros_ws/rb5-flight-summer-dev_ws/rb5_flight/build/CMakeFiles/CMakeTmp/CheckSymbolExists.c
Linking C executable cmTC_53fba
/usr/bin/cmake -E cmake_link_script CMakeFiles/cmTC_53fba.dir/link.txt --verbose=1
/usr/bin/cc      -rdynamic CMakeFiles/cmTC_53fba.dir/CheckSymbolExists.c.o  -o cmTC_53fba 
CMakeFiles/cmTC_53fba.dir/CheckSymbolExists.c.o: In function `main':
CheckSymbolExists.c:(.text+0x1b): undefined reference to `pthread_create'
collect2: error: ld returned 1 exit status
CMakeFiles/cmTC_53fba.dir/build.make:97: recipe for target 'cmTC_53fba' failed
make[1]: *** [cmTC_53fba] Error 1
make[1]: Leaving directory '/ros_ws/rb5-flight-summer-dev_ws/rb5_flight/build/CMakeFiles/CMakeTmp'
Makefile:126: recipe for target 'cmTC_53fba/fast' failed
make: *** [cmTC_53fba/fast] Error 2

File /ros_ws/rb5-flight-summer-dev_ws/rb5_flight/build/CMakeFiles/CMakeTmp/CheckSymbolExists.c:
>>>>>>> 2-ros-teleop
/* */
#include <pthread.h>

int main(int argc, char** argv)
{
  (void)argv;
#ifndef pthread_create
  return ((int*)(&pthread_create))[argc];
#else
  (void)argc;
  return 0;
#endif
}

Determining if the function pthread_create exists in the pthreads failed with the following output:
<<<<<<< HEAD
Change Dir: /ros_ws/rb5_flight/build/CMakeFiles/CMakeTmp

Run Build Command:"/usr/bin/make" "cmTC_a417d/fast"
/usr/bin/make -f CMakeFiles/cmTC_a417d.dir/build.make CMakeFiles/cmTC_a417d.dir/build
make[1]: Entering directory '/ros_ws/rb5_flight/build/CMakeFiles/CMakeTmp'
Building C object CMakeFiles/cmTC_a417d.dir/CheckFunctionExists.c.o
/usr/bin/cc   -DCHECK_FUNCTION_EXISTS=pthread_create   -o CMakeFiles/cmTC_a417d.dir/CheckFunctionExists.c.o   -c /usr/share/cmake-3.10/Modules/CheckFunctionExists.c
Linking C executable cmTC_a417d
/usr/bin/cmake -E cmake_link_script CMakeFiles/cmTC_a417d.dir/link.txt --verbose=1
/usr/bin/cc  -DCHECK_FUNCTION_EXISTS=pthread_create    -rdynamic CMakeFiles/cmTC_a417d.dir/CheckFunctionExists.c.o  -o cmTC_a417d -lpthreads 
/usr/bin/ld: cannot find -lpthreads
collect2: error: ld returned 1 exit status
CMakeFiles/cmTC_a417d.dir/build.make:97: recipe for target 'cmTC_a417d' failed
make[1]: *** [cmTC_a417d] Error 1
make[1]: Leaving directory '/ros_ws/rb5_flight/build/CMakeFiles/CMakeTmp'
Makefile:126: recipe for target 'cmTC_a417d/fast' failed
make: *** [cmTC_a417d/fast] Error 2
=======
Change Dir: /ros_ws/rb5-flight-summer-dev_ws/rb5_flight/build/CMakeFiles/CMakeTmp

Run Build Command:"/usr/bin/make" "cmTC_50174/fast"
/usr/bin/make -f CMakeFiles/cmTC_50174.dir/build.make CMakeFiles/cmTC_50174.dir/build
make[1]: Entering directory '/ros_ws/rb5-flight-summer-dev_ws/rb5_flight/build/CMakeFiles/CMakeTmp'
Building C object CMakeFiles/cmTC_50174.dir/CheckFunctionExists.c.o
/usr/bin/cc   -DCHECK_FUNCTION_EXISTS=pthread_create   -o CMakeFiles/cmTC_50174.dir/CheckFunctionExists.c.o   -c /usr/share/cmake-3.10/Modules/CheckFunctionExists.c
Linking C executable cmTC_50174
/usr/bin/cmake -E cmake_link_script CMakeFiles/cmTC_50174.dir/link.txt --verbose=1
/usr/bin/cc  -DCHECK_FUNCTION_EXISTS=pthread_create    -rdynamic CMakeFiles/cmTC_50174.dir/CheckFunctionExists.c.o  -o cmTC_50174 -lpthreads 
/usr/bin/ld: cannot find -lpthreads
collect2: error: ld returned 1 exit status
CMakeFiles/cmTC_50174.dir/build.make:97: recipe for target 'cmTC_50174' failed
make[1]: *** [cmTC_50174] Error 1
make[1]: Leaving directory '/ros_ws/rb5-flight-summer-dev_ws/rb5_flight/build/CMakeFiles/CMakeTmp'
Makefile:126: recipe for target 'cmTC_50174/fast' failed
make: *** [cmTC_50174/fast] Error 2
>>>>>>> 2-ros-teleop


